<?xml version="1.0" encoding="UTF-8"?>
<testsuite xmlns:xsi="http://www.w3.org/2001/XMLSchema-instance" xsi:noNamespaceSchemaLocation="https://maven.apache.org/surefire/maven-surefire-plugin/xsd/surefire-test-report.xsd" name="verify the login functionality" time="30.881" tests="4" errors="0" skipped="0" failures="1">
  <properties>
[...]
</properties>
  <testcase name="TC_001 To check the login with valid username and valid passowrd" classname="verify the login functionality" time="7.965">
    <failure type="junit.framework.AssertionFailedError">junit.framework.AssertionFailedError
</failure>
    <system-out><![CDATA[Feature: verify the login functionality

  Scenario: TC_001 To check the login with valid username and valid passowrd # src/test/resources/features/Login.feature:3
    Given User in to the FB login page                                       # Login.user_in_to_the_FB_login_page()
    When User enters the valid "vigneshravi" and valid "vicky4919"           # Login.user_enters_the_valid_and_valid(String,String)
    And User clicks the login button                                         # Login.user_clicks_the_login_button()
    Then validate the profile name                                           # Login.validate_the_profile_name()
      junit.framework.AssertionFailedError
	at junit.framework.Assert.fail(Assert.java:55)
	at junit.framework.Assert.assertTrue(Assert.java:22)
	at junit.framework.Assert.assertTrue(Assert.java:31)
	at com.step.Login.validate_the_profile_name(Login.java:39)
	at ?.validate the profile name(src/test/resources/features/Login.feature:8)


  Scenario Outline: TC_002 To check the login with invalid username and invalid password # src/test/resources/features/Login.feature:10
    Given User in to the FB login page
    When User enters the invalid "<username>" and invalid "<password>"
    And User clicks the login button
    Then validate the error message

    Examples: 

  Scenario Outline: TC_002 To check the login with invalid username and invalid password # src/test/resources/features/Login.feature:19
    Given User in to the FB login page                                                   # Login.user_in_to_the_FB_login_page()
    When User enters the invalid "vignesh4919" and invalid "vicky4919"                   # Login.user_enters_the_invalid_and_invalid(String,String)
    And User clicks the login button                                                     # Login.user_clicks_the_login_button()
    Then validate the error message                                                      # Login.validate_the_error_message()

  Scenario Outline: TC_002 To check the login with invalid username and invalid password # src/test/resources/features/Login.feature:20
    Given User in to the FB login page                                                   # Login.user_in_to_the_FB_login_page()
    When User enters the invalid "raneshveer" and invalid "ramesh1995"                   # Login.user_enters_the_invalid_and_invalid(String,String)
    And User clicks the login button                                                     # Login.user_clicks_the_login_button()
    Then validate the error message                                                      # Login.validate_the_error_message()

  Scenario Outline: TC_002 To check the login with invalid username and invalid password # src/test/resources/features/Login.feature:21
    Given User in to the FB login page                                                   # Login.user_in_to_the_FB_login_page()
    When User enters the invalid "praveen" and invalid "praveen1995"                     # Login.user_enters_the_invalid_and_invalid(String,String)
    And User clicks the login button                                                     # Login.user_clicks_the_login_button()
    Then validate the error message                                                      # Login.validate_the_error_message()

Feature: the login functionality

  Scenario: TC_001 To check the login with valid username and valid passowrd # src/test/resources/features/Login2.feature:3
    Given User in to the FB login page                                       # Login.user_in_to_the_FB_login_page()
    When User enters the valid "vigneshravi" and valid "vicky4919"           # Login.user_enters_the_valid_and_valid(String,String)
    And User clicks the login button                                         # Login.user_clicks_the_login_button()
    Then validate the profile name                                           # Login.validate_the_profile_name()
      junit.framework.AssertionFailedError
	at junit.framework.Assert.fail(Assert.java:55)
	at junit.framework.Assert.assertTrue(Assert.java:22)
	at junit.framework.Assert.assertTrue(Assert.java:31)
	at com.step.Login.validate_the_profile_name(Login.java:39)
	at ?.validate the profile name(src/test/resources/features/Login2.feature:8)


  Scenario Outline: TC_002 To check the login with invalid username and invalid password # src/test/resources/features/Login2.feature:10
    Given User in to the FB login page
    When User enters the invalid "<username>" and invalid "<password>"
    And User clicks the login button
    Then validate the error message

    Examples: 

  Scenario Outline: TC_002 To check the login with invalid username and invalid password # src/test/resources/features/Login2.feature:19
    Given User in to the FB login page                                                   # Login.user_in_to_the_FB_login_page()
    When User enters the invalid "vignesh4919" and invalid "vicky4919"                   # Login.user_enters_the_invalid_and_invalid(String,String)
    And User clicks the login button                                                     # Login.user_clicks_the_login_button()
    Then validate the error message                                                      # Login.validate_the_error_message()

  Scenario Outline: TC_002 To check the login with invalid username and invalid password # src/test/resources/features/Login2.feature:20
    Given User in to the FB login page                                                   # Login.user_in_to_the_FB_login_page()
    When User enters the invalid "raneshveer" and invalid "ramesh1995"                   # Login.user_enters_the_invalid_and_invalid(String,String)
    And User clicks the login button                                                     # Login.user_clicks_the_login_button()
    Then validate the error message                                                      # Login.validate_the_error_message()

  Scenario Outline: TC_002 To check the login with invalid username and invalid password # src/test/resources/features/Login2.feature:21
    Given User in to the FB login page                                                   # Login.user_in_to_the_FB_login_page()
    When User enters the invalid "praveen" and invalid "praveen1995"                     # Login.user_enters_the_invalid_and_invalid(String,String)
    And User clicks the login button                                                     # Login.user_clicks_the_login_button()
    Then validate the error message                                                      # Login.validate_the_error_message()

Failed scenarios:
src/test/resources/features/Login.feature:3 # TC_001 To check the login with valid username and valid passowrd
src/test/resources/features/Login2.feature:3 # TC_001 To check the login with valid username and valid passowrd

8 Scenarios (2 failed, 6 passed)
32 Steps (2 failed, 30 passed)
0m58.131s

junit.framework.AssertionFailedError
	at junit.framework.Assert.fail(Assert.java:55)
	at junit.framework.Assert.assertTrue(Assert.java:22)
	at junit.framework.Assert.assertTrue(Assert.java:31)
	at com.step.Login.validate_the_profile_name(Login.java:39)
	at ?.validate the profile name(src/test/resources/features/Login.feature:8)

junit.framework.AssertionFailedError
	at junit.framework.Assert.fail(Assert.java:55)
	at junit.framework.Assert.assertTrue(Assert.java:22)
	at junit.framework.Assert.assertTrue(Assert.java:31)
	at com.step.Login.validate_the_profile_name(Login.java:39)
	at ?.validate the profile name(src/test/resources/features/Login2.feature:8)

Apr 01, 2021 2:57:57 AM net.masterthought.cucumber.ReportParser parseJsonFiles
INFO: File 'C:\Users\vignesh\Desktop\Cucumber\CucucmberBase\target\cucumber.json' contains 2 features
SLF4J: Failed to load class "org.slf4j.impl.StaticLoggerBinder".
SLF4J: Defaulting to no-operation (NOP) logger implementation
SLF4J: See http://www.slf4j.org/codes.html#StaticLoggerBinder for further details.
]]></system-out>
    <system-err><![CDATA[Starting ChromeDriver 88.0.4324.96 (68dba2d8a0b149a1d3afac56fa74648032bcf46b-refs/branch-heads/4324@{#1784}) on port 34886
Only local connections are allowed.
Please see https://chromedriver.chromium.org/security-considerations for suggestions on keeping ChromeDriver safe.
ChromeDriver was started successfully.
[1617226019.844][WARNING]: This version of ChromeDriver has not been tested with Chrome version 89.
Apr 01, 2021 2:57:00 AM org.openqa.selenium.remote.ProtocolHandshake createSession
INFO: Detected dialect: W3C
]]></system-err>
  </testcase>
  <testcase name="TC_002 To check the login with invalid username and invalid password" classname="verify the login functionality" time="9.426"/>
  <testcase name="TC_002 To check the login with invalid username and invalid password" classname="verify the login functionality" time="6.251"/>
  <testcase name="TC_002 To check the login with invalid username and invalid password" classname="verify the login functionality" time="7.212"/>
</testsuite>