-------------------------------------------------------------------------------
Test set: verify the login functionality
-------------------------------------------------------------------------------
Tests run: 4, Failures: 1, Errors: 0, Skipped: 0, Time elapsed: 30.881 s <<< FAILURE! - in verify the login functionality
TC_001 To check the login with valid username and valid passowrd(verify the login functionality)  Time elapsed: 7.965 s  <<< FAILURE!
junit.framework.AssertionFailedError

